2017-10-03 01:46:50,775 INFO  [org.alfresco.web.config.packaging.ModulePackageManager] [localhost-startStop-1] Found 2 module package(s)
2017-10-03 01:46:50,790 INFO  [org.alfresco.web.config.packaging.ModulePackageManager] [localhost-startStop-1] spotline-poc-amp AMP project, 1.0-SNAPSHOT, Manages the lifecycle of the spotline-poc-amp AMP (Alfresco Module Package)
spotline-poc-amp AMP project, 1.0-SNAPSHOT, Manages the lifecycle of the spotline-poc-amp AMP (Alfresco Module Package)

2017-10-03 01:46:55,943 INFO  [org.springframework.extensions.webscripts.TemplateProcessorRegistry] [localhost-startStop-1] Registered template processor freemarker for extension ftl
2017-10-03 01:46:55,962 INFO  [org.springframework.extensions.webscripts.ScriptProcessorRegistry] [localhost-startStop-1] Registered script processor javascript for extension js
2017-10-03 01:46:55,964 INFO  [org.springframework.extensions.webscripts.TemplateProcessorRegistry] [localhost-startStop-1] Registered template processor freemarker for extension ftl
2017-10-03 01:46:55,972 INFO  [org.springframework.extensions.webscripts.ScriptProcessorRegistry] [localhost-startStop-1] Registered script processor javascript for extension js
2017-10-03 01:47:32,131 INFO  [org.springframework.extensions.webscripts.DeclarativeRegistry] [localhost-startStop-1] Registered 382 Web Scripts (+0 failed), 400 URLs
2017-10-03 01:47:32,132 INFO  [org.springframework.extensions.webscripts.DeclarativeRegistry] [localhost-startStop-1] Registered 8 Package Description Documents (+0 failed) 
2017-10-03 01:47:32,132 INFO  [org.springframework.extensions.webscripts.DeclarativeRegistry] [localhost-startStop-1] Registered 0 Schema Description Documents (+0 failed) 
2017-10-03 01:47:32,762 INFO  [org.springframework.extensions.webscripts.AbstractRuntimeContainer] [localhost-startStop-1] Initialised Spring Surf Container Web Script Container (in 36672.734ms)
2017-10-03 01:47:32,770 INFO  [org.springframework.extensions.webscripts.TemplateProcessorRegistry] [localhost-startStop-1] Registered template processor freemarker for extension ftl
2017-10-03 01:47:32,774 INFO  [org.springframework.extensions.webscripts.ScriptProcessorRegistry] [localhost-startStop-1] Registered script processor javascript for extension js
2017-10-03 01:47:33,417 WARN  [org.apache.myfaces.shared_impl.util.LocaleUtils] [localhost-startStop-1] Locale name in faces-config.xml null or empty, setting locale to default locale : en_US
2017-10-03 01:48:40,571 INFO  [org.alfresco.web.site.EditionInterceptor] [http-bio-8081-exec-1] Successfully retrieved license information from Alfresco.
2017-10-03 01:48:57,028 INFO  [org.springframework.extensions.webscripts.connector.RemoteClient] [http-bio-8081-exec-1] Exception calling (POST) http://localhost:8080/alfresco/s/remoteadm/create/alfresco/site-data/extensions/default-persisted-extension.xml?s=sitestore
2017-10-03 01:48:57,034 INFO  [org.springframework.extensions.webscripts.connector.RemoteClient] [http-bio-8081-exec-1] Error status 500 Connection reset
java.net.SocketException: Connection reset
	at java.net.SocketInputStream.read(Unknown Source)
	at java.net.SocketInputStream.read(Unknown Source)
	at org.apache.http.impl.io.SessionInputBufferImpl.streamRead(SessionInputBufferImpl.java:139)
	at org.apache.http.impl.io.SessionInputBufferImpl.read(SessionInputBufferImpl.java:200)
	at org.apache.http.impl.io.ChunkedInputStream.read(ChunkedInputStream.java:191)
	at org.apache.http.conn.EofSensorInputStream.read(EofSensorInputStream.java:137)
	at org.apache.http.conn.EofSensorInputStream.read(EofSensorInputStream.java:150)
	at org.springframework.extensions.webscripts.connector.RemoteClient.copyResponseStreamOutput(RemoteClient.java:1374)
	at org.alfresco.web.scripts.SlingshotRemoteClient.copyResponseStreamOutput(SlingshotRemoteClient.java:192)
	at org.springframework.extensions.webscripts.connector.RemoteClient.service(RemoteClient.java:1252)
	at org.springframework.extensions.webscripts.connector.RemoteClient.service(RemoteClient.java:930)
	at org.springframework.extensions.webscripts.connector.RemoteClient.call(RemoteClient.java:653)
	at org.springframework.extensions.webscripts.connector.RemoteClient.call(RemoteClient.java:623)
	at org.springframework.extensions.webscripts.connector.HttpConnector.call(HttpConnector.java:94)
	at org.springframework.extensions.webscripts.connector.AuthenticatingConnector.call(AuthenticatingConnector.java:213)
	at org.springframework.extensions.webscripts.RemoteStore.callPost(RemoteStore.java:722)
	at org.springframework.extensions.webscripts.RemoteStore.createDocument(RemoteStore.java:436)
	at org.springframework.extensions.surf.persister.PathStoreObjectPersister.saveObject(PathStoreObjectPersister.java:160)
	at org.springframework.extensions.surf.ObjectPersistenceService.saveObject(ObjectPersistenceService.java:249)
	at org.springframework.extensions.surf.ModelObjectService.saveObject(ModelObjectService.java:517)
	at org.springframework.extensions.surf.ModuleDeploymentService.getPersistedExtension(ModuleDeploymentService.java:142)
	at org.springframework.extensions.surf.ModuleDeploymentService.getExtensionModules(ModuleDeploymentService.java:385)
	at org.springframework.extensions.surf.ModuleDeploymentService.getAllConfiguredExtensionModules(ModuleDeploymentService.java:352)
	at org.springframework.extensions.surf.ModuleDeploymentService.getDeployedModules(ModuleDeploymentService.java:470)
	at org.springframework.extensions.surf.extensibility.impl.BasicExtensibilityModuleHandler.evaluateModules(BasicExtensibilityModuleHandler.java:190)
	at org.springframework.extensions.surf.support.AbstractRequestContext.getEvaluatedModules(AbstractRequestContext.java:1007)
	at org.springframework.extensions.surf.support.AbstractRequestContext.getExtendingModuleFiles(AbstractRequestContext.java:1220)
	at org.springframework.extensions.webscripts.WebTemplateProcessor.executeScriptBodyExtensions(WebTemplateProcessor.java:236)
	at org.springframework.extensions.webscripts.WebTemplateProcessor.executeBody(WebTemplateProcessor.java:347)
	at org.springframework.extensions.surf.render.AbstractProcessor.execute(AbstractProcessor.java:57)
	at org.springframework.extensions.surf.render.RenderService.processTemplate(RenderService.java:723)
	at org.springframework.extensions.surf.render.bean.TemplateInstanceRenderer.calculateComponentDependencies(TemplateInstanceRenderer.java:76)
	at org.springframework.extensions.surf.render.bean.TemplateInstanceRenderer.body(TemplateInstanceRenderer.java:135)
	at org.springframework.extensions.surf.render.AbstractRenderer.render(AbstractRenderer.java:77)
	at org.springframework.extensions.surf.render.bean.PageRenderer.body(PageRenderer.java:85)
	at org.springframework.extensions.surf.render.AbstractRenderer.render(AbstractRenderer.java:77)
	at org.springframework.extensions.surf.render.RenderService.renderPage(RenderService.java:769)
	at org.springframework.extensions.surf.mvc.PageView.dispatchPage(PageView.java:410)
	at org.springframework.extensions.surf.mvc.PageView.renderView(PageView.java:249)
	at org.springframework.extensions.surf.mvc.AbstractWebFrameworkView.renderMergedOutputModel(AbstractWebFrameworkView.java:320)
	at org.springframework.web.servlet.view.AbstractView.render(AbstractView.java:264)
	at org.springframework.web.servlet.DispatcherServlet.render(DispatcherServlet.java:1216)
	at org.springframework.web.servlet.DispatcherServlet.processDispatchResult(DispatcherServlet.java:1001)
	at org.springframework.web.servlet.DispatcherServlet.doDispatch(DispatcherServlet.java:945)
	at org.springframework.web.servlet.DispatcherServlet.doService(DispatcherServlet.java:867)
	at org.springframework.web.servlet.FrameworkServlet.processRequest(FrameworkServlet.java:953)
	at org.springframework.web.servlet.FrameworkServlet.doGet(FrameworkServlet.java:844)
	at javax.servlet.http.HttpServlet.service(HttpServlet.java:621)
	at org.springframework.web.servlet.FrameworkServlet.service(FrameworkServlet.java:829)
	at javax.servlet.http.HttpServlet.service(HttpServlet.java:728)
	at org.apache.catalina.core.ApplicationFilterChain.internalDoFilter(ApplicationFilterChain.java:305)
	at org.apache.catalina.core.ApplicationFilterChain.doFilter(ApplicationFilterChain.java:210)
	at org.apache.tomcat.websocket.server.WsFilter.doFilter(WsFilter.java:51)
	at org.apache.catalina.core.ApplicationFilterChain.internalDoFilter(ApplicationFilterChain.java:243)
	at org.apache.catalina.core.ApplicationFilterChain.doFilter(ApplicationFilterChain.java:210)
	at org.alfresco.web.site.servlet.SecurityHeadersFilter.doFilter(SecurityHeadersFilter.java:182)
	at org.apache.catalina.core.ApplicationFilterChain.internalDoFilter(ApplicationFilterChain.java:243)
	at org.apache.catalina.core.ApplicationFilterChain.doFilter(ApplicationFilterChain.java:210)
	at org.alfresco.web.site.servlet.CSRFFilter.doFilter(CSRFFilter.java:322)
	at org.apache.catalina.core.ApplicationFilterChain.internalDoFilter(ApplicationFilterChain.java:243)
	at org.apache.catalina.core.ApplicationFilterChain.doFilter(ApplicationFilterChain.java:210)
	at org.alfresco.web.site.servlet.SSOAuthenticationFilter.doFilter(SSOAuthenticationFilter.java:447)
	at org.apache.catalina.core.ApplicationFilterChain.internalDoFilter(ApplicationFilterChain.java:243)
	at org.apache.catalina.core.ApplicationFilterChain.doFilter(ApplicationFilterChain.java:210)
	at org.alfresco.web.site.servlet.MTAuthenticationFilter.doFilter(MTAuthenticationFilter.java:74)
	at org.apache.catalina.core.ApplicationFilterChain.internalDoFilter(ApplicationFilterChain.java:243)
	at org.apache.catalina.core.ApplicationFilterChain.doFilter(ApplicationFilterChain.java:210)
	at org.apache.catalina.core.StandardWrapperValve.invoke(StandardWrapperValve.java:222)
	at org.apache.catalina.core.StandardContextValve.invoke(StandardContextValve.java:123)
	at org.apache.catalina.authenticator.AuthenticatorBase.invoke(AuthenticatorBase.java:502)
	at org.apache.catalina.core.StandardHostValve.invoke(StandardHostValve.java:171)
	at org.apache.catalina.valves.ErrorReportValve.invoke(ErrorReportValve.java:100)
	at org.apache.catalina.valves.AccessLogValve.invoke(AccessLogValve.java:953)
	at org.apache.catalina.core.StandardEngineValve.invoke(StandardEngineValve.java:118)
	at org.apache.catalina.connector.CoyoteAdapter.service(CoyoteAdapter.java:408)
	at org.apache.coyote.http11.AbstractHttp11Processor.process(AbstractHttp11Processor.java:1041)
	at org.apache.coyote.AbstractProtocol$AbstractConnectionHandler.process(AbstractProtocol.java:603)
	at org.apache.tomcat.util.net.JIoEndpoint$SocketProcessor.run(JIoEndpoint.java:310)
	at java.util.concurrent.ThreadPoolExecutor.runWorker(Unknown Source)
	at java.util.concurrent.ThreadPoolExecutor$Worker.run(Unknown Source)
	at java.lang.Thread.run(Unknown Source)
2017-10-03 01:48:57,398 INFO  [org.springframework.extensions.webscripts.connector.RemoteClient] [http-bio-8081-exec-1] Exception calling (POST) http://localhost:8080/alfresco/s/remoteadm/create/alfresco/site-data/module-deployments/Aikau%201.0.39.5%20Config%20Module.xml?s=sitestore
2017-10-03 01:48:57,399 INFO  [org.springframework.extensions.webscripts.connector.RemoteClient] [http-bio-8081-exec-1] Error status 500 Connection reset
java.net.SocketException: Connection reset
	at java.net.SocketInputStream.read(Unknown Source)
	at java.net.SocketInputStream.read(Unknown Source)
	at org.apache.http.impl.io.SessionInputBufferImpl.streamRead(SessionInputBufferImpl.java:139)
	at org.apache.http.impl.io.SessionInputBufferImpl.read(SessionInputBufferImpl.java:200)
	at org.apache.http.impl.io.ChunkedInputStream.read(ChunkedInputStream.java:191)
	at org.apache.http.conn.EofSensorInputStream.read(EofSensorInputStream.java:137)
	at org.apache.http.conn.EofSensorInputStream.read(EofSensorInputStream.java:150)
	at org.springframework.extensions.webscripts.connector.RemoteClient.copyResponseStreamOutput(RemoteClient.java:1374)
	at org.alfresco.web.scripts.SlingshotRemoteClient.copyResponseStreamOutput(SlingshotRemoteClient.java:192)
	at org.springframework.extensions.webscripts.connector.RemoteClient.service(RemoteClient.java:1252)
	at org.springframework.extensions.webscripts.connector.RemoteClient.service(RemoteClient.java:930)
	at org.springframework.extensions.webscripts.connector.RemoteClient.call(RemoteClient.java:653)
	at org.springframework.extensions.webscripts.connector.RemoteClient.call(RemoteClient.java:623)
	at org.springframework.extensions.webscripts.connector.HttpConnector.call(HttpConnector.java:94)
	at org.springframework.extensions.webscripts.connector.AuthenticatingConnector.call(AuthenticatingConnector.java:213)
	at org.springframework.extensions.webscripts.RemoteStore.callPost(RemoteStore.java:722)
	at org.springframework.extensions.webscripts.RemoteStore.createDocument(RemoteStore.java:436)
	at org.springframework.extensions.surf.persister.PathStoreObjectPersister.saveObject(PathStoreObjectPersister.java:160)
	at org.springframework.extensions.surf.ObjectPersistenceService.saveObject(ObjectPersistenceService.java:249)
	at org.springframework.extensions.surf.ModelObjectService.saveObject(ModelObjectService.java:517)
	at org.springframework.extensions.surf.ModuleDeploymentService.saveDeployedModuleConfigurations(ModuleDeploymentService.java:605)
	at org.springframework.extensions.surf.ModuleDeploymentService.getDeployedModules(ModuleDeploymentService.java:558)
	at org.springframework.extensions.surf.extensibility.impl.BasicExtensibilityModuleHandler.evaluateModules(BasicExtensibilityModuleHandler.java:190)
	at org.springframework.extensions.surf.support.AbstractRequestContext.getEvaluatedModules(AbstractRequestContext.java:1007)
	at org.springframework.extensions.surf.support.AbstractRequestContext.getExtendingModuleFiles(AbstractRequestContext.java:1220)
	at org.springframework.extensions.webscripts.WebTemplateProcessor.executeScriptBodyExtensions(WebTemplateProcessor.java:236)
	at org.springframework.extensions.webscripts.WebTemplateProcessor.executeBody(WebTemplateProcessor.java:347)
	at org.springframework.extensions.surf.render.AbstractProcessor.execute(AbstractProcessor.java:57)
	at org.springframework.extensions.surf.render.RenderService.processTemplate(RenderService.java:723)
	at org.springframework.extensions.surf.render.bean.TemplateInstanceRenderer.calculateComponentDependencies(TemplateInstanceRenderer.java:76)
	at org.springframework.extensions.surf.render.bean.TemplateInstanceRenderer.body(TemplateInstanceRenderer.java:135)
	at org.springframework.extensions.surf.render.AbstractRenderer.render(AbstractRenderer.java:77)
	at org.springframework.extensions.surf.render.bean.PageRenderer.body(PageRenderer.java:85)
	at org.springframework.extensions.surf.render.AbstractRenderer.render(AbstractRenderer.java:77)
	at org.springframework.extensions.surf.render.RenderService.renderPage(RenderService.java:769)
	at org.springframework.extensions.surf.mvc.PageView.dispatchPage(PageView.java:410)
	at org.springframework.extensions.surf.mvc.PageView.renderView(PageView.java:249)
	at org.springframework.extensions.surf.mvc.AbstractWebFrameworkView.renderMergedOutputModel(AbstractWebFrameworkView.java:320)
	at org.springframework.web.servlet.view.AbstractView.render(AbstractView.java:264)
	at org.springframework.web.servlet.DispatcherServlet.render(DispatcherServlet.java:1216)
	at org.springframework.web.servlet.DispatcherServlet.processDispatchResult(DispatcherServlet.java:1001)
	at org.springframework.web.servlet.DispatcherServlet.doDispatch(DispatcherServlet.java:945)
	at org.springframework.web.servlet.DispatcherServlet.doService(DispatcherServlet.java:867)
	at org.springframework.web.servlet.FrameworkServlet.processRequest(FrameworkServlet.java:953)
	at org.springframework.web.servlet.FrameworkServlet.doGet(FrameworkServlet.java:844)
	at javax.servlet.http.HttpServlet.service(HttpServlet.java:621)
	at org.springframework.web.servlet.FrameworkServlet.service(FrameworkServlet.java:829)
	at javax.servlet.http.HttpServlet.service(HttpServlet.java:728)
	at org.apache.catalina.core.ApplicationFilterChain.internalDoFilter(ApplicationFilterChain.java:305)
	at org.apache.catalina.core.ApplicationFilterChain.doFilter(ApplicationFilterChain.java:210)
	at org.apache.tomcat.websocket.server.WsFilter.doFilter(WsFilter.java:51)
	at org.apache.catalina.core.ApplicationFilterChain.internalDoFilter(ApplicationFilterChain.java:243)
	at org.apache.catalina.core.ApplicationFilterChain.doFilter(ApplicationFilterChain.java:210)
	at org.alfresco.web.site.servlet.SecurityHeadersFilter.doFilter(SecurityHeadersFilter.java:182)
	at org.apache.catalina.core.ApplicationFilterChain.internalDoFilter(ApplicationFilterChain.java:243)
	at org.apache.catalina.core.ApplicationFilterChain.doFilter(ApplicationFilterChain.java:210)
	at org.alfresco.web.site.servlet.CSRFFilter.doFilter(CSRFFilter.java:322)
	at org.apache.catalina.core.ApplicationFilterChain.internalDoFilter(ApplicationFilterChain.java:243)
	at org.apache.catalina.core.ApplicationFilterChain.doFilter(ApplicationFilterChain.java:210)
	at org.alfresco.web.site.servlet.SSOAuthenticationFilter.doFilter(SSOAuthenticationFilter.java:447)
	at org.apache.catalina.core.ApplicationFilterChain.internalDoFilter(ApplicationFilterChain.java:243)
	at org.apache.catalina.core.ApplicationFilterChain.doFilter(ApplicationFilterChain.java:210)
	at org.alfresco.web.site.servlet.MTAuthenticationFilter.doFilter(MTAuthenticationFilter.java:74)
	at org.apache.catalina.core.ApplicationFilterChain.internalDoFilter(ApplicationFilterChain.java:243)
	at org.apache.catalina.core.ApplicationFilterChain.doFilter(ApplicationFilterChain.java:210)
	at org.apache.catalina.core.StandardWrapperValve.invoke(StandardWrapperValve.java:222)
	at org.apache.catalina.core.StandardContextValve.invoke(StandardContextValve.java:123)
	at org.apache.catalina.authenticator.AuthenticatorBase.invoke(AuthenticatorBase.java:502)
	at org.apache.catalina.core.StandardHostValve.invoke(StandardHostValve.java:171)
	at org.apache.catalina.valves.ErrorReportValve.invoke(ErrorReportValve.java:100)
	at org.apache.catalina.valves.AccessLogValve.invoke(AccessLogValve.java:953)
	at org.apache.catalina.core.StandardEngineValve.invoke(StandardEngineValve.java:118)
	at org.apache.catalina.connector.CoyoteAdapter.service(CoyoteAdapter.java:408)
	at org.apache.coyote.http11.AbstractHttp11Processor.process(AbstractHttp11Processor.java:1041)
	at org.apache.coyote.AbstractProtocol$AbstractConnectionHandler.process(AbstractProtocol.java:603)
	at org.apache.tomcat.util.net.JIoEndpoint$SocketProcessor.run(JIoEndpoint.java:310)
	at java.util.concurrent.ThreadPoolExecutor.runWorker(Unknown Source)
	at java.util.concurrent.ThreadPoolExecutor$Worker.run(Unknown Source)
	at java.lang.Thread.run(Unknown Source)
2017-10-03 01:48:57,462 INFO  [org.springframework.extensions.webscripts.connector.RemoteClient] [http-bio-8081-exec-1] Exception calling (POST) http://localhost:8080/alfresco/s/remoteadm/create/alfresco/site-data/module-deployments/spotline-poc-amp%20-%20Example%20Aikau%20Widgets.xml?s=sitestore
2017-10-03 01:48:57,462 INFO  [org.springframework.extensions.webscripts.connector.RemoteClient] [http-bio-8081-exec-1] Error status 500 localhost:8080 failed to respond
org.apache.http.NoHttpResponseException: localhost:8080 failed to respond
	at org.apache.http.impl.conn.DefaultHttpResponseParser.parseHead(DefaultHttpResponseParser.java:143)
	at org.apache.http.impl.conn.DefaultHttpResponseParser.parseHead(DefaultHttpResponseParser.java:57)
	at org.apache.http.impl.io.AbstractMessageParser.parse(AbstractMessageParser.java:261)
	at org.apache.http.impl.DefaultBHttpClientConnection.receiveResponseHeader(DefaultBHttpClientConnection.java:165)
	at org.apache.http.impl.conn.CPoolProxy.receiveResponseHeader(CPoolProxy.java:167)
	at org.apache.http.protocol.HttpRequestExecutor.doReceiveResponse(HttpRequestExecutor.java:272)
	at org.apache.http.protocol.HttpRequestExecutor.execute(HttpRequestExecutor.java:124)
	at org.apache.http.impl.execchain.MainClientExec.execute(MainClientExec.java:271)
	at org.apache.http.impl.execchain.ProtocolExec.execute(ProtocolExec.java:184)
	at org.apache.http.impl.execchain.RetryExec.execute(RetryExec.java:88)
	at org.apache.http.impl.execchain.RedirectExec.execute(RedirectExec.java:110)
	at org.apache.http.impl.client.InternalHttpClient.doExecute(InternalHttpClient.java:184)
	at org.apache.http.impl.client.CloseableHttpClient.execute(CloseableHttpClient.java:82)
	at org.apache.http.impl.client.CloseableHttpClient.execute(CloseableHttpClient.java:107)
	at org.apache.http.impl.client.CloseableHttpClient.execute(CloseableHttpClient.java:55)
	at org.springframework.extensions.webscripts.connector.RemoteClient.service(RemoteClient.java:1153)
	at org.springframework.extensions.webscripts.connector.RemoteClient.service(RemoteClient.java:930)
	at org.springframework.extensions.webscripts.connector.RemoteClient.call(RemoteClient.java:653)
	at org.springframework.extensions.webscripts.connector.RemoteClient.call(RemoteClient.java:623)
	at org.springframework.extensions.webscripts.connector.HttpConnector.call(HttpConnector.java:94)
	at org.springframework.extensions.webscripts.connector.AuthenticatingConnector.call(AuthenticatingConnector.java:213)
	at org.springframework.extensions.webscripts.RemoteStore.callPost(RemoteStore.java:722)
	at org.springframework.extensions.webscripts.RemoteStore.createDocument(RemoteStore.java:436)
	at org.springframework.extensions.surf.persister.PathStoreObjectPersister.saveObject(PathStoreObjectPersister.java:160)
	at org.springframework.extensions.surf.ObjectPersistenceService.saveObject(ObjectPersistenceService.java:249)
	at org.springframework.extensions.surf.ModelObjectService.saveObject(ModelObjectService.java:517)
	at org.springframework.extensions.surf.ModuleDeploymentService.saveDeployedModuleConfigurations(ModuleDeploymentService.java:605)
	at org.springframework.extensions.surf.ModuleDeploymentService.getDeployedModules(ModuleDeploymentService.java:558)
	at org.springframework.extensions.surf.extensibility.impl.BasicExtensibilityModuleHandler.evaluateModules(BasicExtensibilityModuleHandler.java:190)
	at org.springframework.extensions.surf.support.AbstractRequestContext.getEvaluatedModules(AbstractRequestContext.java:1007)
	at org.springframework.extensions.surf.support.AbstractRequestContext.getExtendingModuleFiles(AbstractRequestContext.java:1220)
	at org.springframework.extensions.webscripts.WebTemplateProcessor.executeScriptBodyExtensions(WebTemplateProcessor.java:236)
	at org.springframework.extensions.webscripts.WebTemplateProcessor.executeBody(WebTemplateProcessor.java:347)
	at org.springframework.extensions.surf.render.AbstractProcessor.execute(AbstractProcessor.java:57)
	at org.springframework.extensions.surf.render.RenderService.processTemplate(RenderService.java:723)
	at org.springframework.extensions.surf.render.bean.TemplateInstanceRenderer.calculateComponentDependencies(TemplateInstanceRenderer.java:76)
	at org.springframework.extensions.surf.render.bean.TemplateInstanceRenderer.body(TemplateInstanceRenderer.java:135)
	at org.springframework.extensions.surf.render.AbstractRenderer.render(AbstractRenderer.java:77)
	at org.springframework.extensions.surf.render.bean.PageRenderer.body(PageRenderer.java:85)
	at org.springframework.extensions.surf.render.AbstractRenderer.render(AbstractRenderer.java:77)
	at org.springframework.extensions.surf.render.RenderService.renderPage(RenderService.java:769)
	at org.springframework.extensions.surf.mvc.PageView.dispatchPage(PageView.java:410)
	at org.springframework.extensions.surf.mvc.PageView.renderView(PageView.java:249)
	at org.springframework.extensions.surf.mvc.AbstractWebFrameworkView.renderMergedOutputModel(AbstractWebFrameworkView.java:320)
	at org.springframework.web.servlet.view.AbstractView.render(AbstractView.java:264)
	at org.springframework.web.servlet.DispatcherServlet.render(DispatcherServlet.java:1216)
	at org.springframework.web.servlet.DispatcherServlet.processDispatchResult(DispatcherServlet.java:1001)
	at org.springframework.web.servlet.DispatcherServlet.doDispatch(DispatcherServlet.java:945)
	at org.springframework.web.servlet.DispatcherServlet.doService(DispatcherServlet.java:867)
	at org.springframework.web.servlet.FrameworkServlet.processRequest(FrameworkServlet.java:953)
	at org.springframework.web.servlet.FrameworkServlet.doGet(FrameworkServlet.java:844)
	at javax.servlet.http.HttpServlet.service(HttpServlet.java:621)
	at org.springframework.web.servlet.FrameworkServlet.service(FrameworkServlet.java:829)
	at javax.servlet.http.HttpServlet.service(HttpServlet.java:728)
	at org.apache.catalina.core.ApplicationFilterChain.internalDoFilter(ApplicationFilterChain.java:305)
	at org.apache.catalina.core.ApplicationFilterChain.doFilter(ApplicationFilterChain.java:210)
	at org.apache.tomcat.websocket.server.WsFilter.doFilter(WsFilter.java:51)
	at org.apache.catalina.core.ApplicationFilterChain.internalDoFilter(ApplicationFilterChain.java:243)
	at org.apache.catalina.core.ApplicationFilterChain.doFilter(ApplicationFilterChain.java:210)
	at org.alfresco.web.site.servlet.SecurityHeadersFilter.doFilter(SecurityHeadersFilter.java:182)
	at org.apache.catalina.core.ApplicationFilterChain.internalDoFilter(ApplicationFilterChain.java:243)
	at org.apache.catalina.core.ApplicationFilterChain.doFilter(ApplicationFilterChain.java:210)
	at org.alfresco.web.site.servlet.CSRFFilter.doFilter(CSRFFilter.java:322)
	at org.apache.catalina.core.ApplicationFilterChain.internalDoFilter(ApplicationFilterChain.java:243)
	at org.apache.catalina.core.ApplicationFilterChain.doFilter(ApplicationFilterChain.java:210)
	at org.alfresco.web.site.servlet.SSOAuthenticationFilter.doFilter(SSOAuthenticationFilter.java:447)
	at org.apache.catalina.core.ApplicationFilterChain.internalDoFilter(ApplicationFilterChain.java:243)
	at org.apache.catalina.core.ApplicationFilterChain.doFilter(ApplicationFilterChain.java:210)
	at org.alfresco.web.site.servlet.MTAuthenticationFilter.doFilter(MTAuthenticationFilter.java:74)
	at org.apache.catalina.core.ApplicationFilterChain.internalDoFilter(ApplicationFilterChain.java:243)
	at org.apache.catalina.core.ApplicationFilterChain.doFilter(ApplicationFilterChain.java:210)
	at org.apache.catalina.core.StandardWrapperValve.invoke(StandardWrapperValve.java:222)
	at org.apache.catalina.core.StandardContextValve.invoke(StandardContextValve.java:123)
	at org.apache.catalina.authenticator.AuthenticatorBase.invoke(AuthenticatorBase.java:502)
	at org.apache.catalina.core.StandardHostValve.invoke(StandardHostValve.java:171)
	at org.apache.catalina.valves.ErrorReportValve.invoke(ErrorReportValve.java:100)
	at org.apache.catalina.valves.AccessLogValve.invoke(AccessLogValve.java:953)
	at org.apache.catalina.core.StandardEngineValve.invoke(StandardEngineValve.java:118)
	at org.apache.catalina.connector.CoyoteAdapter.service(CoyoteAdapter.java:408)
	at org.apache.coyote.http11.AbstractHttp11Processor.process(AbstractHttp11Processor.java:1041)
	at org.apache.coyote.AbstractProtocol$AbstractConnectionHandler.process(AbstractProtocol.java:603)
	at org.apache.tomcat.util.net.JIoEndpoint$SocketProcessor.run(JIoEndpoint.java:310)
	at java.util.concurrent.ThreadPoolExecutor.runWorker(Unknown Source)
	at java.util.concurrent.ThreadPoolExecutor$Worker.run(Unknown Source)
	at java.lang.Thread.run(Unknown Source)
